CRITICAL - 2023-03-07 08:38:35 --> Invalid file: "../layouts/header.php"
in SYSTEMPATH\Exceptions\FrameworkException.php on line 33.
 1 SYSTEMPATH\View\View.php(201): CodeIgniter\Exceptions\FrameworkException::forInvalidFile('../layouts/header.php')
 2 SYSTEMPATH\View\View.php(431): CodeIgniter\View\View->render('../layouts/header.php', null, true)
 3 APPPATH\Views\home\Home.php(1): CodeIgniter\View\View->include('../layouts/header.php')
 4 SYSTEMPATH\View\View.php(213): include('APPPATH\\Views\\home\\Home.php')
 5 SYSTEMPATH\View\View.php(216): CodeIgniter\View\View->CodeIgniter\View\{closure}()
 6 SYSTEMPATH\Common.php(1184): CodeIgniter\View\View->render('../Views/home/Home.php', [], true)
 7 APPPATH\Controllers\Home.php(9): view('../Views/home/Home.php')
 8 SYSTEMPATH\CodeIgniter.php(934): App\Controllers\Home->index()
 9 SYSTEMPATH\CodeIgniter.php(499): CodeIgniter\CodeIgniter->runController(Object(App\Controllers\Home))
10 SYSTEMPATH\CodeIgniter.php(368): CodeIgniter\CodeIgniter->handleRequest(null, Object(Config\Cache), false)
11 FCPATH\index.php(67): CodeIgniter\CodeIgniter->run()
12 SYSTEMPATH\Commands\Server\rewrite.php(47): require_once('FCPATH\\index.php')
CRITICAL - 2023-03-07 08:38:36 --> Invalid file: "../layouts/header.php"
in SYSTEMPATH\Exceptions\FrameworkException.php on line 33.
 1 SYSTEMPATH\View\View.php(201): CodeIgniter\Exceptions\FrameworkException::forInvalidFile('../layouts/header.php')
 2 SYSTEMPATH\View\View.php(431): CodeIgniter\View\View->render('../layouts/header.php', null, true)
 3 APPPATH\Views\home\Home.php(1): CodeIgniter\View\View->include('../layouts/header.php')
 4 SYSTEMPATH\View\View.php(213): include('APPPATH\\Views\\home\\Home.php')
 5 SYSTEMPATH\View\View.php(216): CodeIgniter\View\View->CodeIgniter\View\{closure}()
 6 SYSTEMPATH\Common.php(1184): CodeIgniter\View\View->render('../Views/home/Home.php', [], true)
 7 APPPATH\Controllers\Home.php(9): view('../Views/home/Home.php')
 8 SYSTEMPATH\CodeIgniter.php(934): App\Controllers\Home->index()
 9 SYSTEMPATH\CodeIgniter.php(499): CodeIgniter\CodeIgniter->runController(Object(App\Controllers\Home))
10 SYSTEMPATH\CodeIgniter.php(368): CodeIgniter\CodeIgniter->handleRequest(null, Object(Config\Cache), false)
11 FCPATH\index.php(67): CodeIgniter\CodeIgniter->run()
12 SYSTEMPATH\Commands\Server\rewrite.php(47): require_once('FCPATH\\index.php')
CRITICAL - 2023-03-07 08:42:24 --> log() expects parameter 1 to be float, string given
in APPPATH\Controllers\Home.php on line 9.
 1 [internal function]: CodeIgniter\Debug\Exceptions->errorHandler(2, 'log() expects parameter 1 to be float, string given', 'APPPATH\\Controllers\\Home.php', 9, [])
 2 APPPATH\Controllers\Home.php(9): log('test')
 3 SYSTEMPATH\CodeIgniter.php(934): App\Controllers\Home->index()
 4 SYSTEMPATH\CodeIgniter.php(499): CodeIgniter\CodeIgniter->runController(Object(App\Controllers\Home))
 5 SYSTEMPATH\CodeIgniter.php(368): CodeIgniter\CodeIgniter->handleRequest(null, Object(Config\Cache), false)
 6 FCPATH\index.php(67): CodeIgniter\CodeIgniter->run()
 7 SYSTEMPATH\Commands\Server\rewrite.php(47): require_once('FCPATH\\index.php')
CRITICAL - 2023-03-07 08:42:24 --> log() expects parameter 1 to be float, string given
in APPPATH\Controllers\Home.php on line 9.
 1 [internal function]: CodeIgniter\Debug\Exceptions->errorHandler(2, 'log() expects parameter 1 to be float, string given', 'APPPATH\\Controllers\\Home.php', 9, [])
 2 APPPATH\Controllers\Home.php(9): log('test')
 3 SYSTEMPATH\CodeIgniter.php(934): App\Controllers\Home->index()
 4 SYSTEMPATH\CodeIgniter.php(499): CodeIgniter\CodeIgniter->runController(Object(App\Controllers\Home))
 5 SYSTEMPATH\CodeIgniter.php(368): CodeIgniter\CodeIgniter->handleRequest(null, Object(Config\Cache), false)
 6 FCPATH\index.php(67): CodeIgniter\CodeIgniter->run()
 7 SYSTEMPATH\Commands\Server\rewrite.php(47): require_once('FCPATH\\index.php')
CRITICAL - 2023-03-07 08:50:53 --> Invalid file: "../layouts/header.php"
in SYSTEMPATH\Exceptions\FrameworkException.php on line 33.
 1 SYSTEMPATH\View\View.php(201): CodeIgniter\Exceptions\FrameworkException::forInvalidFile('../layouts/header.php')
 2 SYSTEMPATH\View\View.php(431): CodeIgniter\View\View->render('../layouts/header.php', null, true)
 3 APPPATH\Views\home\Home.php(1): CodeIgniter\View\View->include('../layouts/header.php')
 4 SYSTEMPATH\View\View.php(213): include('APPPATH\\Views\\home\\Home.php')
 5 SYSTEMPATH\View\View.php(216): CodeIgniter\View\View->CodeIgniter\View\{closure}()
 6 SYSTEMPATH\Common.php(1184): CodeIgniter\View\View->render('../Views/home/Home.php', [], true)
 7 APPPATH\Controllers\Landing.php(16): view('../Views/home/Home.php')
 8 SYSTEMPATH\CodeIgniter.php(934): App\Controllers\Landing->Index()
 9 SYSTEMPATH\CodeIgniter.php(499): CodeIgniter\CodeIgniter->runController(Object(App\Controllers\Landing))
10 SYSTEMPATH\CodeIgniter.php(368): CodeIgniter\CodeIgniter->handleRequest(null, Object(Config\Cache), false)
11 FCPATH\index.php(67): CodeIgniter\CodeIgniter->run()
12 SYSTEMPATH\Commands\Server\rewrite.php(47): require_once('FCPATH\\index.php')
CRITICAL - 2023-03-07 08:50:53 --> Invalid file: "../layouts/header.php"
in SYSTEMPATH\Exceptions\FrameworkException.php on line 33.
 1 SYSTEMPATH\View\View.php(201): CodeIgniter\Exceptions\FrameworkException::forInvalidFile('../layouts/header.php')
 2 SYSTEMPATH\View\View.php(431): CodeIgniter\View\View->render('../layouts/header.php', null, true)
 3 APPPATH\Views\home\Home.php(1): CodeIgniter\View\View->include('../layouts/header.php')
 4 SYSTEMPATH\View\View.php(213): include('APPPATH\\Views\\home\\Home.php')
 5 SYSTEMPATH\View\View.php(216): CodeIgniter\View\View->CodeIgniter\View\{closure}()
 6 SYSTEMPATH\Common.php(1184): CodeIgniter\View\View->render('../Views/home/Home.php', [], true)
 7 APPPATH\Controllers\Landing.php(16): view('../Views/home/Home.php')
 8 SYSTEMPATH\CodeIgniter.php(934): App\Controllers\Landing->Index()
 9 SYSTEMPATH\CodeIgniter.php(499): CodeIgniter\CodeIgniter->runController(Object(App\Controllers\Landing))
10 SYSTEMPATH\CodeIgniter.php(368): CodeIgniter\CodeIgniter->handleRequest(null, Object(Config\Cache), false)
11 FCPATH\index.php(67): CodeIgniter\CodeIgniter->run()
12 SYSTEMPATH\Commands\Server\rewrite.php(47): require_once('FCPATH\\index.php')
CRITICAL - 2023-03-07 08:51:05 --> Invalid file: "../layouts/header.php"
in SYSTEMPATH\Exceptions\FrameworkException.php on line 33.
 1 SYSTEMPATH\View\View.php(201): CodeIgniter\Exceptions\FrameworkException::forInvalidFile('../layouts/header.php')
 2 SYSTEMPATH\View\View.php(431): CodeIgniter\View\View->render('../layouts/header.php', null, true)
 3 APPPATH\Views\home\Home.php(1): CodeIgniter\View\View->include('../layouts/header.php')
 4 SYSTEMPATH\View\View.php(213): include('APPPATH\\Views\\home\\Home.php')
 5 SYSTEMPATH\View\View.php(216): CodeIgniter\View\View->CodeIgniter\View\{closure}()
 6 SYSTEMPATH\Common.php(1184): CodeIgniter\View\View->render('../Views/home/Home.php', [], true)
 7 APPPATH\Controllers\Landing.php(16): view('../Views/home/Home.php')
 8 SYSTEMPATH\CodeIgniter.php(934): App\Controllers\Landing->Index()
 9 SYSTEMPATH\CodeIgniter.php(499): CodeIgniter\CodeIgniter->runController(Object(App\Controllers\Landing))
10 SYSTEMPATH\CodeIgniter.php(368): CodeIgniter\CodeIgniter->handleRequest(null, Object(Config\Cache), false)
11 FCPATH\index.php(67): CodeIgniter\CodeIgniter->run()
12 SYSTEMPATH\Commands\Server\rewrite.php(47): require_once('FCPATH\\index.php')
CRITICAL - 2023-03-07 08:51:06 --> Invalid file: "../layouts/header.php"
in SYSTEMPATH\Exceptions\FrameworkException.php on line 33.
 1 SYSTEMPATH\View\View.php(201): CodeIgniter\Exceptions\FrameworkException::forInvalidFile('../layouts/header.php')
 2 SYSTEMPATH\View\View.php(431): CodeIgniter\View\View->render('../layouts/header.php', null, true)
 3 APPPATH\Views\home\Home.php(1): CodeIgniter\View\View->include('../layouts/header.php')
 4 SYSTEMPATH\View\View.php(213): include('APPPATH\\Views\\home\\Home.php')
 5 SYSTEMPATH\View\View.php(216): CodeIgniter\View\View->CodeIgniter\View\{closure}()
 6 SYSTEMPATH\Common.php(1184): CodeIgniter\View\View->render('../Views/home/Home.php', [], true)
 7 APPPATH\Controllers\Landing.php(16): view('../Views/home/Home.php')
 8 SYSTEMPATH\CodeIgniter.php(934): App\Controllers\Landing->Index()
 9 SYSTEMPATH\CodeIgniter.php(499): CodeIgniter\CodeIgniter->runController(Object(App\Controllers\Landing))
10 SYSTEMPATH\CodeIgniter.php(368): CodeIgniter\CodeIgniter->handleRequest(null, Object(Config\Cache), false)
11 FCPATH\index.php(67): CodeIgniter\CodeIgniter->run()
12 SYSTEMPATH\Commands\Server\rewrite.php(47): require_once('FCPATH\\index.php')
CRITICAL - 2023-03-07 08:51:25 --> Invalid file: "../layouts/header.php"
in SYSTEMPATH\Exceptions\FrameworkException.php on line 33.
 1 SYSTEMPATH\View\View.php(201): CodeIgniter\Exceptions\FrameworkException::forInvalidFile('../layouts/header.php')
 2 SYSTEMPATH\View\View.php(431): CodeIgniter\View\View->render('../layouts/header.php', null, true)
 3 APPPATH\Views\home\Home.php(1): CodeIgniter\View\View->include('../layouts/header.php')
 4 SYSTEMPATH\View\View.php(213): include('APPPATH\\Views\\home\\Home.php')
 5 SYSTEMPATH\View\View.php(216): CodeIgniter\View\View->CodeIgniter\View\{closure}()
 6 SYSTEMPATH\Common.php(1184): CodeIgniter\View\View->render('../Views/home/Home.php', [], true)
 7 APPPATH\Controllers\Landing.php(16): view('../Views/home/Home.php')
 8 SYSTEMPATH\CodeIgniter.php(934): App\Controllers\Landing->Index()
 9 SYSTEMPATH\CodeIgniter.php(499): CodeIgniter\CodeIgniter->runController(Object(App\Controllers\Landing))
10 SYSTEMPATH\CodeIgniter.php(368): CodeIgniter\CodeIgniter->handleRequest(null, Object(Config\Cache), false)
11 FCPATH\index.php(67): CodeIgniter\CodeIgniter->run()
12 SYSTEMPATH\Commands\Server\rewrite.php(47): require_once('FCPATH\\index.php')
CRITICAL - 2023-03-07 08:51:26 --> Invalid file: "../layouts/header.php"
in SYSTEMPATH\Exceptions\FrameworkException.php on line 33.
 1 SYSTEMPATH\View\View.php(201): CodeIgniter\Exceptions\FrameworkException::forInvalidFile('../layouts/header.php')
 2 SYSTEMPATH\View\View.php(431): CodeIgniter\View\View->render('../layouts/header.php', null, true)
 3 APPPATH\Views\home\Home.php(1): CodeIgniter\View\View->include('../layouts/header.php')
 4 SYSTEMPATH\View\View.php(213): include('APPPATH\\Views\\home\\Home.php')
 5 SYSTEMPATH\View\View.php(216): CodeIgniter\View\View->CodeIgniter\View\{closure}()
 6 SYSTEMPATH\Common.php(1184): CodeIgniter\View\View->render('../Views/home/Home.php', [], true)
 7 APPPATH\Controllers\Landing.php(16): view('../Views/home/Home.php')
 8 SYSTEMPATH\CodeIgniter.php(934): App\Controllers\Landing->Index()
 9 SYSTEMPATH\CodeIgniter.php(499): CodeIgniter\CodeIgniter->runController(Object(App\Controllers\Landing))
10 SYSTEMPATH\CodeIgniter.php(368): CodeIgniter\CodeIgniter->handleRequest(null, Object(Config\Cache), false)
11 FCPATH\index.php(67): CodeIgniter\CodeIgniter->run()
12 SYSTEMPATH\Commands\Server\rewrite.php(47): require_once('FCPATH\\index.php')
CRITICAL - 2023-03-07 08:51:53 --> Invalid file: "../layouts/header.php"
in SYSTEMPATH\Exceptions\FrameworkException.php on line 33.
 1 SYSTEMPATH\View\View.php(201): CodeIgniter\Exceptions\FrameworkException::forInvalidFile('../layouts/header.php')
 2 SYSTEMPATH\View\View.php(431): CodeIgniter\View\View->render('../layouts/header.php', null, true)
 3 APPPATH\Views\home\Home.php(1): CodeIgniter\View\View->include('../layouts/header.php')
 4 SYSTEMPATH\View\View.php(213): include('APPPATH\\Views\\home\\Home.php')
 5 SYSTEMPATH\View\View.php(216): CodeIgniter\View\View->CodeIgniter\View\{closure}()
 6 SYSTEMPATH\Common.php(1184): CodeIgniter\View\View->render('../Views/home/Home.php', [], true)
 7 APPPATH\Controllers\Landing.php(16): view('../Views/home/Home.php')
 8 SYSTEMPATH\CodeIgniter.php(934): App\Controllers\Landing->Index()
 9 SYSTEMPATH\CodeIgniter.php(499): CodeIgniter\CodeIgniter->runController(Object(App\Controllers\Landing))
10 SYSTEMPATH\CodeIgniter.php(368): CodeIgniter\CodeIgniter->handleRequest(null, Object(Config\Cache), false)
11 FCPATH\index.php(67): CodeIgniter\CodeIgniter->run()
12 SYSTEMPATH\Commands\Server\rewrite.php(47): require_once('FCPATH\\index.php')
CRITICAL - 2023-03-07 08:51:53 --> Invalid file: "../layouts/header.php"
in SYSTEMPATH\Exceptions\FrameworkException.php on line 33.
 1 SYSTEMPATH\View\View.php(201): CodeIgniter\Exceptions\FrameworkException::forInvalidFile('../layouts/header.php')
 2 SYSTEMPATH\View\View.php(431): CodeIgniter\View\View->render('../layouts/header.php', null, true)
 3 APPPATH\Views\home\Home.php(1): CodeIgniter\View\View->include('../layouts/header.php')
 4 SYSTEMPATH\View\View.php(213): include('APPPATH\\Views\\home\\Home.php')
 5 SYSTEMPATH\View\View.php(216): CodeIgniter\View\View->CodeIgniter\View\{closure}()
 6 SYSTEMPATH\Common.php(1184): CodeIgniter\View\View->render('../Views/home/Home.php', [], true)
 7 APPPATH\Controllers\Landing.php(16): view('../Views/home/Home.php')
 8 SYSTEMPATH\CodeIgniter.php(934): App\Controllers\Landing->Index()
 9 SYSTEMPATH\CodeIgniter.php(499): CodeIgniter\CodeIgniter->runController(Object(App\Controllers\Landing))
10 SYSTEMPATH\CodeIgniter.php(368): CodeIgniter\CodeIgniter->handleRequest(null, Object(Config\Cache), false)
11 FCPATH\index.php(67): CodeIgniter\CodeIgniter->run()
12 SYSTEMPATH\Commands\Server\rewrite.php(47): require_once('FCPATH\\index.php')
CRITICAL - 2023-03-07 08:52:18 --> Invalid file: "../layouts/Header.php"
in SYSTEMPATH\Exceptions\FrameworkException.php on line 33.
 1 SYSTEMPATH\View\View.php(201): CodeIgniter\Exceptions\FrameworkException::forInvalidFile('../layouts/Header.php')
 2 SYSTEMPATH\View\View.php(431): CodeIgniter\View\View->render('../layouts/Header.php', null, true)
 3 APPPATH\Views\home\Home.php(1): CodeIgniter\View\View->include('../layouts/Header.php')
 4 SYSTEMPATH\View\View.php(213): include('APPPATH\\Views\\home\\Home.php')
 5 SYSTEMPATH\View\View.php(216): CodeIgniter\View\View->CodeIgniter\View\{closure}()
 6 SYSTEMPATH\Common.php(1184): CodeIgniter\View\View->render('../Views/home/Home.php', [], true)
 7 APPPATH\Controllers\Landing.php(16): view('../Views/home/Home.php')
 8 SYSTEMPATH\CodeIgniter.php(934): App\Controllers\Landing->Index()
 9 SYSTEMPATH\CodeIgniter.php(499): CodeIgniter\CodeIgniter->runController(Object(App\Controllers\Landing))
10 SYSTEMPATH\CodeIgniter.php(368): CodeIgniter\CodeIgniter->handleRequest(null, Object(Config\Cache), false)
11 FCPATH\index.php(67): CodeIgniter\CodeIgniter->run()
12 SYSTEMPATH\Commands\Server\rewrite.php(47): require_once('FCPATH\\index.php')
CRITICAL - 2023-03-07 08:52:18 --> Invalid file: "../layouts/Header.php"
in SYSTEMPATH\Exceptions\FrameworkException.php on line 33.
 1 SYSTEMPATH\View\View.php(201): CodeIgniter\Exceptions\FrameworkException::forInvalidFile('../layouts/Header.php')
 2 SYSTEMPATH\View\View.php(431): CodeIgniter\View\View->render('../layouts/Header.php', null, true)
 3 APPPATH\Views\home\Home.php(1): CodeIgniter\View\View->include('../layouts/Header.php')
 4 SYSTEMPATH\View\View.php(213): include('APPPATH\\Views\\home\\Home.php')
 5 SYSTEMPATH\View\View.php(216): CodeIgniter\View\View->CodeIgniter\View\{closure}()
 6 SYSTEMPATH\Common.php(1184): CodeIgniter\View\View->render('../Views/home/Home.php', [], true)
 7 APPPATH\Controllers\Landing.php(16): view('../Views/home/Home.php')
 8 SYSTEMPATH\CodeIgniter.php(934): App\Controllers\Landing->Index()
 9 SYSTEMPATH\CodeIgniter.php(499): CodeIgniter\CodeIgniter->runController(Object(App\Controllers\Landing))
10 SYSTEMPATH\CodeIgniter.php(368): CodeIgniter\CodeIgniter->handleRequest(null, Object(Config\Cache), false)
11 FCPATH\index.php(67): CodeIgniter\CodeIgniter->run()
12 SYSTEMPATH\Commands\Server\rewrite.php(47): require_once('FCPATH\\index.php')
CRITICAL - 2023-03-07 08:52:33 --> Invalid file: "../layouts/Header.php"
in SYSTEMPATH\Exceptions\FrameworkException.php on line 33.
 1 SYSTEMPATH\View\View.php(201): CodeIgniter\Exceptions\FrameworkException::forInvalidFile('../layouts/Header.php')
 2 SYSTEMPATH\View\View.php(431): CodeIgniter\View\View->render('../layouts/Header.php', null, true)
 3 APPPATH\Views\home\Home.php(1): CodeIgniter\View\View->include('../layouts/Header.php')
 4 SYSTEMPATH\View\View.php(213): include('APPPATH\\Views\\home\\Home.php')
 5 SYSTEMPATH\View\View.php(216): CodeIgniter\View\View->CodeIgniter\View\{closure}()
 6 SYSTEMPATH\Common.php(1184): CodeIgniter\View\View->render('../Views/home/Home.php', [], true)
 7 APPPATH\Controllers\Landing.php(16): view('../Views/home/Home.php')
 8 SYSTEMPATH\CodeIgniter.php(934): App\Controllers\Landing->Index()
 9 SYSTEMPATH\CodeIgniter.php(499): CodeIgniter\CodeIgniter->runController(Object(App\Controllers\Landing))
10 SYSTEMPATH\CodeIgniter.php(368): CodeIgniter\CodeIgniter->handleRequest(null, Object(Config\Cache), false)
11 FCPATH\index.php(67): CodeIgniter\CodeIgniter->run()
12 SYSTEMPATH\Commands\Server\rewrite.php(47): require_once('FCPATH\\index.php')
CRITICAL - 2023-03-07 08:52:33 --> Invalid file: "../layouts/Header.php"
in SYSTEMPATH\Exceptions\FrameworkException.php on line 33.
 1 SYSTEMPATH\View\View.php(201): CodeIgniter\Exceptions\FrameworkException::forInvalidFile('../layouts/Header.php')
 2 SYSTEMPATH\View\View.php(431): CodeIgniter\View\View->render('../layouts/Header.php', null, true)
 3 APPPATH\Views\home\Home.php(1): CodeIgniter\View\View->include('../layouts/Header.php')
 4 SYSTEMPATH\View\View.php(213): include('APPPATH\\Views\\home\\Home.php')
 5 SYSTEMPATH\View\View.php(216): CodeIgniter\View\View->CodeIgniter\View\{closure}()
 6 SYSTEMPATH\Common.php(1184): CodeIgniter\View\View->render('../Views/home/Home.php', [], true)
 7 APPPATH\Controllers\Landing.php(16): view('../Views/home/Home.php')
 8 SYSTEMPATH\CodeIgniter.php(934): App\Controllers\Landing->Index()
 9 SYSTEMPATH\CodeIgniter.php(499): CodeIgniter\CodeIgniter->runController(Object(App\Controllers\Landing))
10 SYSTEMPATH\CodeIgniter.php(368): CodeIgniter\CodeIgniter->handleRequest(null, Object(Config\Cache), false)
11 FCPATH\index.php(67): CodeIgniter\CodeIgniter->run()
12 SYSTEMPATH\Commands\Server\rewrite.php(47): require_once('FCPATH\\index.php')
CRITICAL - 2023-03-07 08:53:21 --> Invalid file: "../layouts/footer.php"
in SYSTEMPATH\Exceptions\FrameworkException.php on line 33.
 1 SYSTEMPATH\View\View.php(201): CodeIgniter\Exceptions\FrameworkException::forInvalidFile('../layouts/footer.php')
 2 SYSTEMPATH\View\View.php(431): CodeIgniter\View\View->render('../layouts/footer.php', null, true)
 3 APPPATH\Views\home\Home.php(362): CodeIgniter\View\View->include('../layouts/footer.php')
 4 SYSTEMPATH\View\View.php(213): include('APPPATH\\Views\\home\\Home.php')
 5 SYSTEMPATH\View\View.php(216): CodeIgniter\View\View->CodeIgniter\View\{closure}()
 6 SYSTEMPATH\Common.php(1184): CodeIgniter\View\View->render('../Views/home/Home.php', [], true)
 7 APPPATH\Controllers\Landing.php(16): view('../Views/home/Home.php')
 8 SYSTEMPATH\CodeIgniter.php(934): App\Controllers\Landing->Index()
 9 SYSTEMPATH\CodeIgniter.php(499): CodeIgniter\CodeIgniter->runController(Object(App\Controllers\Landing))
10 SYSTEMPATH\CodeIgniter.php(368): CodeIgniter\CodeIgniter->handleRequest(null, Object(Config\Cache), false)
11 FCPATH\index.php(67): CodeIgniter\CodeIgniter->run()
12 SYSTEMPATH\Commands\Server\rewrite.php(47): require_once('FCPATH\\index.php')
CRITICAL - 2023-03-07 08:53:21 --> Invalid file: "../layouts/footer.php"
in SYSTEMPATH\Exceptions\FrameworkException.php on line 33.
 1 SYSTEMPATH\View\View.php(201): CodeIgniter\Exceptions\FrameworkException::forInvalidFile('../layouts/footer.php')
 2 SYSTEMPATH\View\View.php(431): CodeIgniter\View\View->render('../layouts/footer.php', null, true)
 3 APPPATH\Views\home\Home.php(362): CodeIgniter\View\View->include('../layouts/footer.php')
 4 SYSTEMPATH\View\View.php(213): include('APPPATH\\Views\\home\\Home.php')
 5 SYSTEMPATH\View\View.php(216): CodeIgniter\View\View->CodeIgniter\View\{closure}()
 6 SYSTEMPATH\Common.php(1184): CodeIgniter\View\View->render('../Views/home/Home.php', [], true)
 7 APPPATH\Controllers\Landing.php(16): view('../Views/home/Home.php')
 8 SYSTEMPATH\CodeIgniter.php(934): App\Controllers\Landing->Index()
 9 SYSTEMPATH\CodeIgniter.php(499): CodeIgniter\CodeIgniter->runController(Object(App\Controllers\Landing))
10 SYSTEMPATH\CodeIgniter.php(368): CodeIgniter\CodeIgniter->handleRequest(null, Object(Config\Cache), false)
11 FCPATH\index.php(67): CodeIgniter\CodeIgniter->run()
12 SYSTEMPATH\Commands\Server\rewrite.php(47): require_once('FCPATH\\index.php')
